Using pre-set license
Built from '2021.3/staging' branch; Version is '2021.3.19f1 (c9714fde33b6) revision 13201743'; Using compiler version '192829333'; Build Type 'Release'
OS: 'Windows 10  (10.0.19042) 64bit Professional' Language: 'ru' Physical Memory: 16224 MB
BatchMode: 1, IsHumanControllingUs: 0, StartBugReporterOnCrash: 0, Is64bit: 1, IsPro: 1

COMMAND LINE ARGUMENTS:
C:\Program Files\Unity\Hub\Editor\2021.3.19f1\Editor\Unity.exe
-adb2
-batchMode
-noUpm
-name
AssetImportWorker0
-projectPath
D:/SRP_example-main
-logFile
Logs/AssetImportWorker0.log
-srvPort
53175
Successfully changed project path to: D:/SRP_example-main
D:/SRP_example-main
[UnityMemory] Configuration Parameters - Can be set up in boot.config
    "memorysetup-bucket-allocator-granularity=16"
    "memorysetup-bucket-allocator-bucket-count=8"
    "memorysetup-bucket-allocator-block-size=33554432"
    "memorysetup-bucket-allocator-block-count=8"
    "memorysetup-main-allocator-block-size=16777216"
    "memorysetup-thread-allocator-block-size=16777216"
    "memorysetup-gfx-main-allocator-block-size=16777216"
    "memorysetup-gfx-thread-allocator-block-size=16777216"
    "memorysetup-cache-allocator-block-size=4194304"
    "memorysetup-typetree-allocator-block-size=2097152"
    "memorysetup-profiler-bucket-allocator-granularity=16"
    "memorysetup-profiler-bucket-allocator-bucket-count=8"
    "memorysetup-profiler-bucket-allocator-block-size=33554432"
    "memorysetup-profiler-bucket-allocator-block-count=8"
    "memorysetup-profiler-allocator-block-size=16777216"
    "memorysetup-profiler-editor-allocator-block-size=1048576"
    "memorysetup-temp-allocator-size-main=16777216"
    "memorysetup-job-temp-allocator-block-size=2097152"
    "memorysetup-job-temp-allocator-block-size-background=1048576"
    "memorysetup-job-temp-allocator-reduction-small-platforms=262144"
    "memorysetup-temp-allocator-size-background-worker=32768"
    "memorysetup-temp-allocator-size-job-worker=262144"
    "memorysetup-temp-allocator-size-preload-manager=33554432"
    "memorysetup-temp-allocator-size-nav-mesh-worker=65536"
    "memorysetup-temp-allocator-size-audio-worker=65536"
    "memorysetup-temp-allocator-size-cloud-worker=32768"
    "memorysetup-temp-allocator-size-gi-baking-worker=262144"
    "memorysetup-temp-allocator-size-gfx=262144"
Player connection [19844] Host "[IP] 192.168.0.104 [Port] 0 [Flags] 2 [Guid] 1513882721 [EditorId] 1513882721 [Version] 1048832 [Id] WindowsEditor(7,DESKTOP-K5EDULF) [Debug] 1 [PackageName] WindowsEditor [ProjectName] Editor" joined multi-casting on [225.0.0.222:54997]...

Player connection [19844] Host "[IP] 192.168.0.104 [Port] 0 [Flags] 2 [Guid] 1513882721 [EditorId] 1513882721 [Version] 1048832 [Id] WindowsEditor(7,DESKTOP-K5EDULF) [Debug] 1 [PackageName] WindowsEditor [ProjectName] Editor" joined alternative multi-casting on [225.0.0.222:34997]...

Refreshing native plugins compatible for Editor in 45.25 ms, found 1 plugins.
Preloading 0 native plugins for Editor in 0.00 ms.
Initialize engine version: 2021.3.19f1 (c9714fde33b6)
[Subsystems] Discovering subsystems at path C:/Program Files/Unity/Hub/Editor/2021.3.19f1/Editor/Data/Resources/UnitySubsystems
[Subsystems] Discovering subsystems at path D:/SRP_example-main/Assets
GfxDevice: creating device client; threaded=0; jobified=0
Direct3D:
    Version:  Direct3D 11.0 [level 11.1]
    Renderer: NVIDIA GeForce GTX 1650 (ID=0x2188)
    Vendor:   NVIDIA
    VRAM:     3950 MB
    Driver:   31.0.15.4592
Initialize mono
Mono path[0] = 'C:/Program Files/Unity/Hub/Editor/2021.3.19f1/Editor/Data/Managed'
Mono path[1] = 'C:/Program Files/Unity/Hub/Editor/2021.3.19f1/Editor/Data/MonoBleedingEdge/lib/mono/unityjit-win32'
Mono config path = 'C:/Program Files/Unity/Hub/Editor/2021.3.19f1/Editor/Data/MonoBleedingEdge/etc'
Using monoOptions --debugger-agent=transport=dt_socket,embedding=1,server=y,suspend=n,address=127.0.0.1:56544
Begin MonoManager ReloadAssembly
Registering precompiled unity dll's ...
Register platform support module: C:/Program Files/Unity/Hub/Editor/2021.3.19f1/Editor/Data/PlaybackEngines/WebGLSupport/UnityEditor.WebGL.Extensions.dll
Register platform support module: C:/Program Files/Unity/Hub/Editor/2021.3.19f1/Editor/Data/PlaybackEngines/WindowsStandaloneSupport/UnityEditor.WindowsStandalone.Extensions.dll
Registered in 0.002387 seconds.
Native extension for WindowsStandalone target not found
Native extension for WebGL target not found
Refreshing native plugins compatible for Editor in 51.32 ms, found 1 plugins.
Preloading 0 native plugins for Editor in 0.00 ms.
Mono: successfully reloaded assembly
- Completed reload, in  0.406 seconds
Domain Reload Profiling:
	ReloadAssembly (407ms)
		BeginReloadAssembly (44ms)
			ExecutionOrderSort (0ms)
			DisableScriptedObjects (0ms)
			BackupInstance (0ms)
			ReleaseScriptingObjects (0ms)
			CreateAndSetChildDomain (1ms)
		EndReloadAssembly (293ms)
			LoadAssemblies (43ms)
			RebuildTransferFunctionScriptingTraits (0ms)
			SetupTypeCache (71ms)
			ReleaseScriptCaches (0ms)
			RebuildScriptCaches (18ms)
			SetupLoadedEditorAssemblies (171ms)
				LogAssemblyErrors (0ms)
				InitializePlatformSupportModulesInManaged (6ms)
				SetLoadedEditorAssemblies (0ms)
				RefreshPlugins (51ms)
				BeforeProcessingInitializeOnLoad (1ms)
				ProcessInitializeOnLoadAttributes (83ms)
				ProcessInitializeOnLoadMethodAttributes (30ms)
				AfterProcessingInitializeOnLoad (0ms)
				EditorAssembliesLoaded (0ms)
			ExecutionOrderSort2 (0ms)
			AwakeInstancesAfterBackupRestoration (0ms)
Platform modules already initialized, skipping
Registering precompiled user dll's ...
Registered in 0.002924 seconds.
Begin MonoManager ReloadAssembly
Symbol file LoadedFromMemory doesn't match image D:\SRP_example-main\Library\PackageCache\com.unity.visualscripting@1.8.0\Editor\VisualScripting.Core\Dependencies\YamlDotNet\Unity.VisualScripting.YamlDotNet.dll
Symbol file LoadedFromMemory doesn't match image D:\SRP_example-main\Library\PackageCache\com.unity.visualscripting@1.8.0\Editor\VisualScripting.Core\Dependencies\DotNetZip\Unity.VisualScripting.IonicZip.dll
Native extension for WindowsStandalone target not found
Native extension for WebGL target not found
Refreshing native plugins compatible for Editor in 48.60 ms, found 1 plugins.
Preloading 0 native plugins for Editor in 0.00 ms.
Mono: successfully reloaded assembly
- Completed reload, in  0.770 seconds
Domain Reload Profiling:
	ReloadAssembly (771ms)
		BeginReloadAssembly (73ms)
			ExecutionOrderSort (0ms)
			DisableScriptedObjects (4ms)
			BackupInstance (0ms)
			ReleaseScriptingObjects (0ms)
			CreateAndSetChildDomain (14ms)
		EndReloadAssembly (610ms)
			LoadAssemblies (56ms)
			RebuildTransferFunctionScriptingTraits (0ms)
			SetupTypeCache (182ms)
			ReleaseScriptCaches (0ms)
			RebuildScriptCaches (35ms)
			SetupLoadedEditorAssemblies (293ms)
				LogAssemblyErrors (0ms)
				InitializePlatformSupportModulesInManaged (3ms)
				SetLoadedEditorAssemblies (0ms)
				RefreshPlugins (49ms)
				BeforeProcessingInitializeOnLoad (59ms)
				ProcessInitializeOnLoadAttributes (115ms)
				ProcessInitializeOnLoadMethodAttributes (64ms)
				AfterProcessingInitializeOnLoad (3ms)
				EditorAssembliesLoaded (0ms)
			ExecutionOrderSort2 (0ms)
			AwakeInstancesAfterBackupRestoration (6ms)
Platform modules already initialized, skipping
========================================================================
Worker process is ready to serve import requests
Launched and connected shader compiler UnityShaderCompiler.exe after 0.03 seconds
Refreshing native plugins compatible for Editor in 0.46 ms, found 1 plugins.
Preloading 0 native plugins for Editor in 0.00 ms.
Unloading 3071 Unused Serialized files (Serialized files now loaded: 0)
Unloading 19 unused Assets / (388.7 KB). Loaded Objects now: 3542.
Memory consumption went from 117.8 MB to 117.5 MB.
Total: 2.401500 ms (FindLiveObjects: 0.213800 ms CreateObjectMapping: 0.158800 ms MarkObjects: 1.911800 ms  DeleteObjects: 0.116000 ms)

AssetImportParameters requested are different than current active one (requested -> active):
  custom:video-decoder-ogg-theora: a1e56fd34408186e4bbccfd4996cb3dc -> 
  custom:container-muxer-webm: aa71ff27fc2769a1b78a27578f13a17b -> 
  custom:container-demuxer-webm: 4f35f7cbe854078d1ac9338744f61a02 -> 
  custom:video-encoder-webm-vp8: eb34c28f22e8b96e1ab97ce403110664 -> 
  custom:audio-encoder-webm-vorbis: bf7c407c2cedff20999df2af8eb42d56 -> 
  custom:framework-win-MediaFoundation: 216162199b28c13a410421893ffa2e32 -> 
  custom:container-demuxer-ogg: 62fdf1f143b41e24485cea50d1cbac27 -> 
  custom:video-decoder-webm-vp8: 9c59270c3fd7afecdb556c50c9e8de78 -> 
  custom:audio-decoder-ogg-vorbis: bf7c407c2cedff20999df2af8eb42d56 -> 
========================================================================
Received Import Request.
  Time since last request: 91626.336962 seconds.
  path: Assets/Car Contents/muffler_bank.mat
  artifactKey: Guid(147233067de87824cbff95b087e3788d) Importer(815301076,1909f56bfc062723c751e8b465ee728b)
Start importing Assets/Car Contents/muffler_bank.mat using Guid(147233067de87824cbff95b087e3788d) Importer(815301076,1909f56bfc062723c751e8b465ee728b)  -> (artifact id: 'f2c5dcfb04c52a29a2b9be20282cf2ef') in 0.107793 seconds 
========================================================================
Received Import Request.
  Time since last request: 30.801741 seconds.
  path: Assets/Models/demo_car_3_0.fbx
  artifactKey: Guid(4f583566f002ba345b0e68d7e26d1083) Importer(815301076,1909f56bfc062723c751e8b465ee728b)
Start importing Assets/Models/demo_car_3_0.fbx using Guid(4f583566f002ba345b0e68d7e26d1083) Importer(815301076,1909f56bfc062723c751e8b465ee728b)  -> (artifact id: '05d622ac7fb7cce13ffb6dce8f2add5b') in 0.584230 seconds 
========================================================================
Received Import Request.
  Time since last request: 5.744967 seconds.
  path: Assets/Car Contents/demo_car_3_0.fbx
  artifactKey: Guid(00583e22a6e0aa14e89bb50de4573719) Importer(815301076,1909f56bfc062723c751e8b465ee728b)
Start importing Assets/Car Contents/demo_car_3_0.fbx using Guid(00583e22a6e0aa14e89bb50de4573719) Importer(815301076,1909f56bfc062723c751e8b465ee728b)  -> (artifact id: 'bbb46e2db8ea841f97a7c3d97c019f18') in 0.592424 seconds 
========================================================================
Received Prepare
Registering precompiled user dll's ...
Registered in 0.002593 seconds.
Begin MonoManager ReloadAssembly
Symbol file LoadedFromMemory doesn't match image D:\SRP_example-main\Library\PackageCache\com.unity.visualscripting@1.8.0\Editor\VisualScripting.Core\Dependencies\YamlDotNet\Unity.VisualScripting.YamlDotNet.dll
Symbol file LoadedFromMemory doesn't match image D:\SRP_example-main\Library\PackageCache\com.unity.visualscripting@1.8.0\Editor\VisualScripting.Core\Dependencies\DotNetZip\Unity.VisualScripting.IonicZip.dll
Native extension for WindowsStandalone target not found
Native extension for WebGL target not found
Refreshing native plugins compatible for Editor in 0.34 ms, found 1 plugins.
Preloading 0 native plugins for Editor in 0.00 ms.
Mono: successfully reloaded assembly
- Completed reload, in  0.715 seconds
Domain Reload Profiling:
	ReloadAssembly (716ms)
		BeginReloadAssembly (92ms)
			ExecutionOrderSort (0ms)
			DisableScriptedObjects (3ms)
			BackupInstance (0ms)
			ReleaseScriptingObjects (0ms)
			CreateAndSetChildDomain (25ms)
		EndReloadAssembly (554ms)
			LoadAssemblies (56ms)
			RebuildTransferFunctionScriptingTraits (0ms)
			SetupTypeCache (189ms)
			ReleaseScriptCaches (1ms)
			RebuildScriptCaches (34ms)
			SetupLoadedEditorAssemblies (232ms)
				LogAssemblyErrors (0ms)
				InitializePlatformSupportModulesInManaged (9ms)
				SetLoadedEditorAssemblies (0ms)
				RefreshPlugins (0ms)
				BeforeProcessingInitializeOnLoad (50ms)
				ProcessInitializeOnLoadAttributes (116ms)
				ProcessInitializeOnLoadMethodAttributes (54ms)
				AfterProcessingInitializeOnLoad (2ms)
				EditorAssembliesLoaded (0ms)
			ExecutionOrderSort2 (0ms)
			AwakeInstancesAfterBackupRestoration (4ms)
Platform modules already initialized, skipping
Refreshing native plugins compatible for Editor in 0.82 ms, found 1 plugins.
Preloading 0 native plugins for Editor in 0.00 ms.
Unloading 3036 Unused Serialized files (Serialized files now loaded: 0)
Unloading 12 unused Assets / (355.7 KB). Loaded Objects now: 3593.
Memory consumption went from 119.8 MB to 119.4 MB.
Total: 2.306900 ms (FindLiveObjects: 0.168500 ms CreateObjectMapping: 0.105900 ms MarkObjects: 1.930800 ms  DeleteObjects: 0.100600 ms)

AssetImportParameters requested are different than current active one (requested -> active):
  custom:video-decoder-ogg-theora: a1e56fd34408186e4bbccfd4996cb3dc -> 
  custom:container-muxer-webm: aa71ff27fc2769a1b78a27578f13a17b -> 
  custom:container-demuxer-webm: 4f35f7cbe854078d1ac9338744f61a02 -> 
  custom:video-encoder-webm-vp8: eb34c28f22e8b96e1ab97ce403110664 -> 
  custom:audio-encoder-webm-vorbis: bf7c407c2cedff20999df2af8eb42d56 -> 
  custom:framework-win-MediaFoundation: 216162199b28c13a410421893ffa2e32 -> 
  custom:container-demuxer-ogg: 62fdf1f143b41e24485cea50d1cbac27 -> 
  custom:video-decoder-webm-vp8: 9c59270c3fd7afecdb556c50c9e8de78 -> 
  custom:audio-decoder-ogg-vorbis: bf7c407c2cedff20999df2af8eb42d56 -> 
========================================================================
Received Prepare
Registering precompiled user dll's ...
Registered in 0.002918 seconds.
Begin MonoManager ReloadAssembly
Symbol file LoadedFromMemory doesn't match image D:\SRP_example-main\Library\PackageCache\com.unity.visualscripting@1.8.0\Editor\VisualScripting.Core\Dependencies\YamlDotNet\Unity.VisualScripting.YamlDotNet.dll
Symbol file LoadedFromMemory doesn't match image D:\SRP_example-main\Library\PackageCache\com.unity.visualscripting@1.8.0\Editor\VisualScripting.Core\Dependencies\DotNetZip\Unity.VisualScripting.IonicZip.dll
Native extension for WindowsStandalone target not found
Native extension for WebGL target not found
Refreshing native plugins compatible for Editor in 0.35 ms, found 1 plugins.
Preloading 0 native plugins for Editor in 0.00 ms.
Mono: successfully reloaded assembly
- Completed reload, in  0.650 seconds
Domain Reload Profiling:
	ReloadAssembly (651ms)
		BeginReloadAssembly (92ms)
			ExecutionOrderSort (0ms)
			DisableScriptedObjects (4ms)
			BackupInstance (0ms)
			ReleaseScriptingObjects (0ms)
			CreateAndSetChildDomain (22ms)
		EndReloadAssembly (488ms)
			LoadAssemblies (57ms)
			RebuildTransferFunctionScriptingTraits (0ms)
			SetupTypeCache (164ms)
			ReleaseScriptCaches (1ms)
			RebuildScriptCaches (26ms)
			SetupLoadedEditorAssemblies (206ms)
				LogAssemblyErrors (0ms)
				InitializePlatformSupportModulesInManaged (9ms)
				SetLoadedEditorAssemblies (0ms)
				RefreshPlugins (0ms)
				BeforeProcessingInitializeOnLoad (40ms)
				ProcessInitializeOnLoadAttributes (94ms)
				ProcessInitializeOnLoadMethodAttributes (61ms)
				AfterProcessingInitializeOnLoad (2ms)
				EditorAssembliesLoaded (0ms)
			ExecutionOrderSort2 (0ms)
			AwakeInstancesAfterBackupRestoration (4ms)
Platform modules already initialized, skipping
Refreshing native plugins compatible for Editor in 0.93 ms, found 1 plugins.
Preloading 0 native plugins for Editor in 0.00 ms.
Unloading 3036 Unused Serialized files (Serialized files now loaded: 0)
Unloading 12 unused Assets / (371.2 KB). Loaded Objects now: 3596.
Memory consumption went from 119.8 MB to 119.4 MB.
Total: 2.342500 ms (FindLiveObjects: 0.160100 ms CreateObjectMapping: 0.075600 ms MarkObjects: 1.993700 ms  DeleteObjects: 0.112200 ms)

AssetImportParameters requested are different than current active one (requested -> active):
  custom:video-decoder-ogg-theora: a1e56fd34408186e4bbccfd4996cb3dc -> 
  custom:container-muxer-webm: aa71ff27fc2769a1b78a27578f13a17b -> 
  custom:container-demuxer-webm: 4f35f7cbe854078d1ac9338744f61a02 -> 
  custom:video-encoder-webm-vp8: eb34c28f22e8b96e1ab97ce403110664 -> 
  custom:audio-encoder-webm-vorbis: bf7c407c2cedff20999df2af8eb42d56 -> 
  custom:framework-win-MediaFoundation: 216162199b28c13a410421893ffa2e32 -> 
  custom:container-demuxer-ogg: 62fdf1f143b41e24485cea50d1cbac27 -> 
  custom:video-decoder-webm-vp8: 9c59270c3fd7afecdb556c50c9e8de78 -> 
  custom:audio-decoder-ogg-vorbis: bf7c407c2cedff20999df2af8eb42d56 -> 
========================================================================
Received Import Request.
  Time since last request: 2968.635795 seconds.
  path: Assets/Scripts_Deformation/Deform.cs
  artifactKey: Guid(f279a06b0db33554aa73e8feed4feb22) Importer(815301076,1909f56bfc062723c751e8b465ee728b)
Start importing Assets/Scripts_Deformation/Deform.cs using Guid(f279a06b0db33554aa73e8feed4feb22) Importer(815301076,1909f56bfc062723c751e8b465ee728b)  -> (artifact id: 'c7bb478e4359d40f9312f16d0bd3a30c') in 0.014345 seconds 
========================================================================
Received Prepare
Registering precompiled user dll's ...
Registered in 0.002590 seconds.
Begin MonoManager ReloadAssembly
Symbol file LoadedFromMemory doesn't match image D:\SRP_example-main\Library\PackageCache\com.unity.visualscripting@1.8.0\Editor\VisualScripting.Core\Dependencies\YamlDotNet\Unity.VisualScripting.YamlDotNet.dll
Symbol file LoadedFromMemory doesn't match image D:\SRP_example-main\Library\PackageCache\com.unity.visualscripting@1.8.0\Editor\VisualScripting.Core\Dependencies\DotNetZip\Unity.VisualScripting.IonicZip.dll
Native extension for WindowsStandalone target not found
Native extension for WebGL target not found
Refreshing native plugins compatible for Editor in 0.34 ms, found 1 plugins.
Preloading 0 native plugins for Editor in 0.00 ms.
Mono: successfully reloaded assembly
- Completed reload, in  0.644 seconds
Domain Reload Profiling:
	ReloadAssembly (644ms)
		BeginReloadAssembly (93ms)
			ExecutionOrderSort (0ms)
			DisableScriptedObjects (5ms)
			BackupInstance (0ms)
			ReleaseScriptingObjects (0ms)
			CreateAndSetChildDomain (24ms)
		EndReloadAssembly (487ms)
			LoadAssemblies (58ms)
			RebuildTransferFunctionScriptingTraits (0ms)
			SetupTypeCache (163ms)
			ReleaseScriptCaches (1ms)
			RebuildScriptCaches (25ms)
			SetupLoadedEditorAssemblies (200ms)
				LogAssemblyErrors (0ms)
				InitializePlatformSupportModulesInManaged (9ms)
				SetLoadedEditorAssemblies (0ms)
				RefreshPlugins (0ms)
				BeforeProcessingInitializeOnLoad (40ms)
				ProcessInitializeOnLoadAttributes (94ms)
				ProcessInitializeOnLoadMethodAttributes (53ms)
				AfterProcessingInitializeOnLoad (3ms)
				EditorAssembliesLoaded (0ms)
			ExecutionOrderSort2 (0ms)
			AwakeInstancesAfterBackupRestoration (4ms)
Platform modules already initialized, skipping
Refreshing native plugins compatible for Editor in 0.79 ms, found 1 plugins.
Preloading 0 native plugins for Editor in 0.00 ms.
Unloading 3036 Unused Serialized files (Serialized files now loaded: 0)
Unloading 12 unused Assets / (371.3 KB). Loaded Objects now: 3599.
Memory consumption went from 119.8 MB to 119.4 MB.
Total: 2.181700 ms (FindLiveObjects: 0.157700 ms CreateObjectMapping: 0.066700 ms MarkObjects: 1.850600 ms  DeleteObjects: 0.105800 ms)

AssetImportParameters requested are different than current active one (requested -> active):
  custom:video-decoder-ogg-theora: a1e56fd34408186e4bbccfd4996cb3dc -> 
  custom:container-muxer-webm: aa71ff27fc2769a1b78a27578f13a17b -> 
  custom:container-demuxer-webm: 4f35f7cbe854078d1ac9338744f61a02 -> 
  custom:video-encoder-webm-vp8: eb34c28f22e8b96e1ab97ce403110664 -> 
  custom:audio-encoder-webm-vorbis: bf7c407c2cedff20999df2af8eb42d56 -> 
  custom:framework-win-MediaFoundation: 216162199b28c13a410421893ffa2e32 -> 
  custom:container-demuxer-ogg: 62fdf1f143b41e24485cea50d1cbac27 -> 
  custom:video-decoder-webm-vp8: 9c59270c3fd7afecdb556c50c9e8de78 -> 
  custom:audio-decoder-ogg-vorbis: bf7c407c2cedff20999df2af8eb42d56 -> 
========================================================================
Received Import Request.
  Time since last request: 47.999510 seconds.
  path: Assets/Materials/PlaneMat.mat
  artifactKey: Guid(6b8d4920c87dc7a4096ddcc7128cfee8) Importer(815301076,1909f56bfc062723c751e8b465ee728b)
Start importing Assets/Materials/PlaneMat.mat using Guid(6b8d4920c87dc7a4096ddcc7128cfee8) Importer(815301076,1909f56bfc062723c751e8b465ee728b)  -> (artifact id: '4b1a284dc22450dfd61dac8112bbdb4c') in 0.220683 seconds 
========================================================================
Received Prepare
Registering precompiled user dll's ...
Registered in 0.002631 seconds.
Begin MonoManager ReloadAssembly
Symbol file LoadedFromMemory doesn't match image D:\SRP_example-main\Library\PackageCache\com.unity.visualscripting@1.8.0\Editor\VisualScripting.Core\Dependencies\YamlDotNet\Unity.VisualScripting.YamlDotNet.dll
Symbol file LoadedFromMemory doesn't match image D:\SRP_example-main\Library\PackageCache\com.unity.visualscripting@1.8.0\Editor\VisualScripting.Core\Dependencies\DotNetZip\Unity.VisualScripting.IonicZip.dll
Native extension for WindowsStandalone target not found
Native extension for WebGL target not found
Refreshing native plugins compatible for Editor in 0.47 ms, found 1 plugins.
Preloading 0 native plugins for Editor in 0.00 ms.
Mono: successfully reloaded assembly
- Completed reload, in  0.684 seconds
Domain Reload Profiling:
	ReloadAssembly (684ms)
		BeginReloadAssembly (88ms)
			ExecutionOrderSort (0ms)
			DisableScriptedObjects (3ms)
			BackupInstance (0ms)
			ReleaseScriptingObjects (0ms)
			CreateAndSetChildDomain (23ms)
		EndReloadAssembly (519ms)
			LoadAssemblies (55ms)
			RebuildTransferFunctionScriptingTraits (0ms)
			SetupTypeCache (167ms)
			ReleaseScriptCaches (1ms)
			RebuildScriptCaches (30ms)
			SetupLoadedEditorAssemblies (212ms)
				LogAssemblyErrors (0ms)
				InitializePlatformSupportModulesInManaged (12ms)
				SetLoadedEditorAssemblies (1ms)
				RefreshPlugins (1ms)
				BeforeProcessingInitializeOnLoad (41ms)
				ProcessInitializeOnLoadAttributes (97ms)
				ProcessInitializeOnLoadMethodAttributes (59ms)
				AfterProcessingInitializeOnLoad (3ms)
				EditorAssembliesLoaded (0ms)
			ExecutionOrderSort2 (0ms)
			AwakeInstancesAfterBackupRestoration (4ms)
Platform modules already initialized, skipping
Refreshing native plugins compatible for Editor in 0.80 ms, found 1 plugins.
Preloading 0 native plugins for Editor in 0.00 ms.
Unloading 3036 Unused Serialized files (Serialized files now loaded: 0)
Unloading 12 unused Assets / (355.7 KB). Loaded Objects now: 3603.
Memory consumption went from 119.8 MB to 119.5 MB.
Total: 2.007700 ms (FindLiveObjects: 0.156500 ms CreateObjectMapping: 0.062800 ms MarkObjects: 1.689600 ms  DeleteObjects: 0.098100 ms)

AssetImportParameters requested are different than current active one (requested -> active):
  custom:video-decoder-ogg-theora: a1e56fd34408186e4bbccfd4996cb3dc -> 
  custom:container-muxer-webm: aa71ff27fc2769a1b78a27578f13a17b -> 
  custom:container-demuxer-webm: 4f35f7cbe854078d1ac9338744f61a02 -> 
  custom:video-encoder-webm-vp8: eb34c28f22e8b96e1ab97ce403110664 -> 
  custom:audio-encoder-webm-vorbis: bf7c407c2cedff20999df2af8eb42d56 -> 
  custom:framework-win-MediaFoundation: 216162199b28c13a410421893ffa2e32 -> 
  custom:container-demuxer-ogg: 62fdf1f143b41e24485cea50d1cbac27 -> 
  custom:video-decoder-webm-vp8: 9c59270c3fd7afecdb556c50c9e8de78 -> 
  custom:audio-decoder-ogg-vorbis: bf7c407c2cedff20999df2af8eb42d56 -> 
========================================================================
Received Prepare
Registering precompiled user dll's ...
Registered in 0.002583 seconds.
Begin MonoManager ReloadAssembly
Symbol file LoadedFromMemory doesn't match image D:\SRP_example-main\Library\PackageCache\com.unity.visualscripting@1.8.0\Editor\VisualScripting.Core\Dependencies\YamlDotNet\Unity.VisualScripting.YamlDotNet.dll
Symbol file LoadedFromMemory doesn't match image D:\SRP_example-main\Library\PackageCache\com.unity.visualscripting@1.8.0\Editor\VisualScripting.Core\Dependencies\DotNetZip\Unity.VisualScripting.IonicZip.dll
Native extension for WindowsStandalone target not found
Native extension for WebGL target not found
Refreshing native plugins compatible for Editor in 0.51 ms, found 1 plugins.
Preloading 0 native plugins for Editor in 0.00 ms.
Mono: successfully reloaded assembly
- Completed reload, in  0.669 seconds
Domain Reload Profiling:
	ReloadAssembly (669ms)
		BeginReloadAssembly (86ms)
			ExecutionOrderSort (0ms)
			DisableScriptedObjects (3ms)
			BackupInstance (0ms)
			ReleaseScriptingObjects (0ms)
			CreateAndSetChildDomain (21ms)
		EndReloadAssembly (506ms)
			LoadAssemblies (53ms)
			RebuildTransferFunctionScriptingTraits (0ms)
			SetupTypeCache (152ms)
			ReleaseScriptCaches (1ms)
			RebuildScriptCaches (27ms)
			SetupLoadedEditorAssemblies (225ms)
				LogAssemblyErrors (0ms)
				InitializePlatformSupportModulesInManaged (8ms)
				SetLoadedEditorAssemblies (0ms)
				RefreshPlugins (1ms)
				BeforeProcessingInitializeOnLoad (46ms)
				ProcessInitializeOnLoadAttributes (104ms)
				ProcessInitializeOnLoadMethodAttributes (59ms)
				AfterProcessingInitializeOnLoad (6ms)
				EditorAssembliesLoaded (0ms)
			ExecutionOrderSort2 (0ms)
			AwakeInstancesAfterBackupRestoration (6ms)
Platform modules already initialized, skipping
Refreshing native plugins compatible for Editor in 0.93 ms, found 1 plugins.
Preloading 0 native plugins for Editor in 0.00 ms.
Unloading 3036 Unused Serialized files (Serialized files now loaded: 0)
Unloading 12 unused Assets / (371.3 KB). Loaded Objects now: 3606.
Memory consumption went from 119.8 MB to 119.5 MB.
Total: 2.373300 ms (FindLiveObjects: 0.162200 ms CreateObjectMapping: 0.077500 ms MarkObjects: 2.003500 ms  DeleteObjects: 0.129300 ms)

AssetImportParameters requested are different than current active one (requested -> active):
  custom:video-decoder-ogg-theora: a1e56fd34408186e4bbccfd4996cb3dc -> 
  custom:container-muxer-webm: aa71ff27fc2769a1b78a27578f13a17b -> 
  custom:container-demuxer-webm: 4f35f7cbe854078d1ac9338744f61a02 -> 
  custom:video-encoder-webm-vp8: eb34c28f22e8b96e1ab97ce403110664 -> 
  custom:audio-encoder-webm-vorbis: bf7c407c2cedff20999df2af8eb42d56 -> 
  custom:framework-win-MediaFoundation: 216162199b28c13a410421893ffa2e32 -> 
  custom:container-demuxer-ogg: 62fdf1f143b41e24485cea50d1cbac27 -> 
  custom:video-decoder-webm-vp8: 9c59270c3fd7afecdb556c50c9e8de78 -> 
  custom:audio-decoder-ogg-vorbis: bf7c407c2cedff20999df2af8eb42d56 -> 
========================================================================
Received Prepare
Registering precompiled user dll's ...
Registered in 0.003072 seconds.
Begin MonoManager ReloadAssembly
Symbol file LoadedFromMemory doesn't match image D:\SRP_example-main\Library\PackageCache\com.unity.visualscripting@1.8.0\Editor\VisualScripting.Core\Dependencies\YamlDotNet\Unity.VisualScripting.YamlDotNet.dll
Symbol file LoadedFromMemory doesn't match image D:\SRP_example-main\Library\PackageCache\com.unity.visualscripting@1.8.0\Editor\VisualScripting.Core\Dependencies\DotNetZip\Unity.VisualScripting.IonicZip.dll
Native extension for WindowsStandalone target not found
Native extension for WebGL target not found
Refreshing native plugins compatible for Editor in 0.54 ms, found 1 plugins.
Preloading 0 native plugins for Editor in 0.00 ms.
Mono: successfully reloaded assembly
- Completed reload, in  0.674 seconds
Domain Reload Profiling:
	ReloadAssembly (674ms)
		BeginReloadAssembly (95ms)
			ExecutionOrderSort (0ms)
			DisableScriptedObjects (4ms)
			BackupInstance (0ms)
			ReleaseScriptingObjects (0ms)
			CreateAndSetChildDomain (20ms)
		EndReloadAssembly (512ms)
			LoadAssemblies (67ms)
			RebuildTransferFunctionScriptingTraits (0ms)
			SetupTypeCache (157ms)
			ReleaseScriptCaches (1ms)
			RebuildScriptCaches (33ms)
			SetupLoadedEditorAssemblies (225ms)
				LogAssemblyErrors (0ms)
				InitializePlatformSupportModulesInManaged (11ms)
				SetLoadedEditorAssemblies (1ms)
				RefreshPlugins (1ms)
				BeforeProcessingInitializeOnLoad (40ms)
				ProcessInitializeOnLoadAttributes (118ms)
				ProcessInitializeOnLoadMethodAttributes (52ms)
				AfterProcessingInitializeOnLoad (3ms)
				EditorAssembliesLoaded (0ms)
			ExecutionOrderSort2 (0ms)
			AwakeInstancesAfterBackupRestoration (6ms)
Platform modules already initialized, skipping
Refreshing native plugins compatible for Editor in 0.78 ms, found 1 plugins.
Preloading 0 native plugins for Editor in 0.00 ms.
Unloading 3036 Unused Serialized files (Serialized files now loaded: 0)
Unloading 12 unused Assets / (355.8 KB). Loaded Objects now: 3609.
Memory consumption went from 119.8 MB to 119.5 MB.
Total: 1.825700 ms (FindLiveObjects: 0.151400 ms CreateObjectMapping: 0.067500 ms MarkObjects: 1.511500 ms  DeleteObjects: 0.094100 ms)

AssetImportParameters requested are different than current active one (requested -> active):
  custom:video-decoder-ogg-theora: a1e56fd34408186e4bbccfd4996cb3dc -> 
  custom:container-muxer-webm: aa71ff27fc2769a1b78a27578f13a17b -> 
  custom:container-demuxer-webm: 4f35f7cbe854078d1ac9338744f61a02 -> 
  custom:video-encoder-webm-vp8: eb34c28f22e8b96e1ab97ce403110664 -> 
  custom:audio-encoder-webm-vorbis: bf7c407c2cedff20999df2af8eb42d56 -> 
  custom:framework-win-MediaFoundation: 216162199b28c13a410421893ffa2e32 -> 
  custom:container-demuxer-ogg: 62fdf1f143b41e24485cea50d1cbac27 -> 
  custom:video-decoder-webm-vp8: 9c59270c3fd7afecdb556c50c9e8de78 -> 
  custom:audio-decoder-ogg-vorbis: bf7c407c2cedff20999df2af8eb42d56 -> 
========================================================================
Received Prepare
Registering precompiled user dll's ...
Registered in 0.002863 seconds.
Begin MonoManager ReloadAssembly
Symbol file LoadedFromMemory doesn't match image D:\SRP_example-main\Library\PackageCache\com.unity.visualscripting@1.8.0\Editor\VisualScripting.Core\Dependencies\YamlDotNet\Unity.VisualScripting.YamlDotNet.dll
Symbol file LoadedFromMemory doesn't match image D:\SRP_example-main\Library\PackageCache\com.unity.visualscripting@1.8.0\Editor\VisualScripting.Core\Dependencies\DotNetZip\Unity.VisualScripting.IonicZip.dll
Native extension for WindowsStandalone target not found
Native extension for WebGL target not found
Refreshing native plugins compatible for Editor in 0.35 ms, found 1 plugins.
Preloading 0 native plugins for Editor in 0.00 ms.
Mono: successfully reloaded assembly
- Completed reload, in  0.668 seconds
Domain Reload Profiling:
	ReloadAssembly (668ms)
		BeginReloadAssembly (85ms)
			ExecutionOrderSort (0ms)
			DisableScriptedObjects (3ms)
			BackupInstance (0ms)
			ReleaseScriptingObjects (0ms)
			CreateAndSetChildDomain (20ms)
		EndReloadAssembly (515ms)
			LoadAssemblies (50ms)
			RebuildTransferFunctionScriptingTraits (0ms)
			SetupTypeCache (173ms)
			ReleaseScriptCaches (1ms)
			RebuildScriptCaches (32ms)
			SetupLoadedEditorAssemblies (219ms)
				LogAssemblyErrors (0ms)
				InitializePlatformSupportModulesInManaged (8ms)
				SetLoadedEditorAssemblies (0ms)
				RefreshPlugins (0ms)
				BeforeProcessingInitializeOnLoad (40ms)
				ProcessInitializeOnLoadAttributes (97ms)
				ProcessInitializeOnLoadMethodAttributes (69ms)
				AfterProcessingInitializeOnLoad (3ms)
				EditorAssembliesLoaded (0ms)
			ExecutionOrderSort2 (0ms)
			AwakeInstancesAfterBackupRestoration (5ms)
Platform modules already initialized, skipping
Refreshing native plugins compatible for Editor in 0.97 ms, found 1 plugins.
Preloading 0 native plugins for Editor in 0.00 ms.
Unloading 3036 Unused Serialized files (Serialized files now loaded: 0)
Unloading 12 unused Assets / (355.6 KB). Loaded Objects now: 3612.
Memory consumption went from 119.8 MB to 119.5 MB.
Total: 2.039900 ms (FindLiveObjects: 0.161400 ms CreateObjectMapping: 0.067800 ms MarkObjects: 1.665200 ms  DeleteObjects: 0.144400 ms)

AssetImportParameters requested are different than current active one (requested -> active):
  custom:video-decoder-ogg-theora: a1e56fd34408186e4bbccfd4996cb3dc -> 
  custom:container-muxer-webm: aa71ff27fc2769a1b78a27578f13a17b -> 
  custom:container-demuxer-webm: 4f35f7cbe854078d1ac9338744f61a02 -> 
  custom:video-encoder-webm-vp8: eb34c28f22e8b96e1ab97ce403110664 -> 
  custom:audio-encoder-webm-vorbis: bf7c407c2cedff20999df2af8eb42d56 -> 
  custom:framework-win-MediaFoundation: 216162199b28c13a410421893ffa2e32 -> 
  custom:container-demuxer-ogg: 62fdf1f143b41e24485cea50d1cbac27 -> 
  custom:video-decoder-webm-vp8: 9c59270c3fd7afecdb556c50c9e8de78 -> 
  custom:audio-decoder-ogg-vorbis: bf7c407c2cedff20999df2af8eb42d56 -> 
========================================================================
Received Prepare
Registering precompiled user dll's ...
Registered in 0.003812 seconds.
Begin MonoManager ReloadAssembly
Symbol file LoadedFromMemory doesn't match image D:\SRP_example-main\Library\PackageCache\com.unity.visualscripting@1.8.0\Editor\VisualScripting.Core\Dependencies\YamlDotNet\Unity.VisualScripting.YamlDotNet.dll
Symbol file LoadedFromMemory doesn't match image D:\SRP_example-main\Library\PackageCache\com.unity.visualscripting@1.8.0\Editor\VisualScripting.Core\Dependencies\DotNetZip\Unity.VisualScripting.IonicZip.dll
Native extension for WindowsStandalone target not found
Native extension for WebGL target not found
Refreshing native plugins compatible for Editor in 0.49 ms, found 1 plugins.
Preloading 0 native plugins for Editor in 0.00 ms.
Mono: successfully reloaded assembly
- Completed reload, in  0.686 seconds
Domain Reload Profiling:
	ReloadAssembly (687ms)
		BeginReloadAssembly (89ms)
			ExecutionOrderSort (0ms)
			DisableScriptedObjects (3ms)
			BackupInstance (0ms)
			ReleaseScriptingObjects (0ms)
			CreateAndSetChildDomain (20ms)
		EndReloadAssembly (514ms)
			LoadAssemblies (56ms)
			RebuildTransferFunctionScriptingTraits (0ms)
			SetupTypeCache (159ms)
			ReleaseScriptCaches (1ms)
			RebuildScriptCaches (26ms)
			SetupLoadedEditorAssemblies (237ms)
				LogAssemblyErrors (0ms)
				InitializePlatformSupportModulesInManaged (9ms)
				SetLoadedEditorAssemblies (0ms)
				RefreshPlugins (1ms)
				BeforeProcessingInitializeOnLoad (48ms)
				ProcessInitializeOnLoadAttributes (116ms)
				ProcessInitializeOnLoadMethodAttributes (60ms)
				AfterProcessingInitializeOnLoad (3ms)
				EditorAssembliesLoaded (0ms)
			ExecutionOrderSort2 (0ms)
			AwakeInstancesAfterBackupRestoration (4ms)
Platform modules already initialized, skipping
Refreshing native plugins compatible for Editor in 0.80 ms, found 1 plugins.
Preloading 0 native plugins for Editor in 0.00 ms.
Unloading 3036 Unused Serialized files (Serialized files now loaded: 0)
Unloading 12 unused Assets / (363.6 KB). Loaded Objects now: 3615.
Memory consumption went from 119.8 MB to 119.5 MB.
Total: 2.075900 ms (FindLiveObjects: 0.169700 ms CreateObjectMapping: 0.070600 ms MarkObjects: 1.722100 ms  DeleteObjects: 0.112700 ms)

AssetImportParameters requested are different than current active one (requested -> active):
  custom:video-decoder-ogg-theora: a1e56fd34408186e4bbccfd4996cb3dc -> 
  custom:container-muxer-webm: aa71ff27fc2769a1b78a27578f13a17b -> 
  custom:container-demuxer-webm: 4f35f7cbe854078d1ac9338744f61a02 -> 
  custom:video-encoder-webm-vp8: eb34c28f22e8b96e1ab97ce403110664 -> 
  custom:audio-encoder-webm-vorbis: bf7c407c2cedff20999df2af8eb42d56 -> 
  custom:framework-win-MediaFoundation: 216162199b28c13a410421893ffa2e32 -> 
  custom:container-demuxer-ogg: 62fdf1f143b41e24485cea50d1cbac27 -> 
  custom:video-decoder-webm-vp8: 9c59270c3fd7afecdb556c50c9e8de78 -> 
  custom:audio-decoder-ogg-vorbis: bf7c407c2cedff20999df2af8eb42d56 -> 
========================================================================
Received Prepare
Registering precompiled user dll's ...
Registered in 0.003413 seconds.
Begin MonoManager ReloadAssembly
Symbol file LoadedFromMemory doesn't match image D:\SRP_example-main\Library\PackageCache\com.unity.visualscripting@1.8.0\Editor\VisualScripting.Core\Dependencies\YamlDotNet\Unity.VisualScripting.YamlDotNet.dll
Symbol file LoadedFromMemory doesn't match image D:\SRP_example-main\Library\PackageCache\com.unity.visualscripting@1.8.0\Editor\VisualScripting.Core\Dependencies\DotNetZip\Unity.VisualScripting.IonicZip.dll
Native extension for WindowsStandalone target not found
Native extension for WebGL target not found
Refreshing native plugins compatible for Editor in 0.50 ms, found 1 plugins.
Preloading 0 native plugins for Editor in 0.00 ms.
Mono: successfully reloaded assembly
- Completed reload, in  0.643 seconds
Domain Reload Profiling:
	ReloadAssembly (644ms)
		BeginReloadAssembly (89ms)
			ExecutionOrderSort (0ms)
			DisableScriptedObjects (3ms)
			BackupInstance (0ms)
			ReleaseScriptingObjects (0ms)
			CreateAndSetChildDomain (19ms)
		EndReloadAssembly (491ms)
			LoadAssemblies (53ms)
			RebuildTransferFunctionScriptingTraits (0ms)
			SetupTypeCache (151ms)
			ReleaseScriptCaches (1ms)
			RebuildScriptCaches (24ms)
			SetupLoadedEditorAssemblies (223ms)
				LogAssemblyErrors (0ms)
				InitializePlatformSupportModulesInManaged (10ms)
				SetLoadedEditorAssemblies (0ms)
				RefreshPlugins (1ms)
				BeforeProcessingInitializeOnLoad (41ms)
				ProcessInitializeOnLoadAttributes (109ms)
				ProcessInitializeOnLoadMethodAttributes (59ms)
				AfterProcessingInitializeOnLoad (3ms)
				EditorAssembliesLoaded (0ms)
			ExecutionOrderSort2 (0ms)
			AwakeInstancesAfterBackupRestoration (4ms)
Platform modules already initialized, skipping
Refreshing native plugins compatible for Editor in 0.79 ms, found 1 plugins.
Preloading 0 native plugins for Editor in 0.00 ms.
Unloading 3036 Unused Serialized files (Serialized files now loaded: 0)
Unloading 12 unused Assets / (355.8 KB). Loaded Objects now: 3618.
Memory consumption went from 119.9 MB to 119.5 MB.
Total: 1.867700 ms (FindLiveObjects: 0.162900 ms CreateObjectMapping: 0.067500 ms MarkObjects: 1.523600 ms  DeleteObjects: 0.113000 ms)

AssetImportParameters requested are different than current active one (requested -> active):
  custom:video-decoder-ogg-theora: a1e56fd34408186e4bbccfd4996cb3dc -> 
  custom:container-muxer-webm: aa71ff27fc2769a1b78a27578f13a17b -> 
  custom:container-demuxer-webm: 4f35f7cbe854078d1ac9338744f61a02 -> 
  custom:video-encoder-webm-vp8: eb34c28f22e8b96e1ab97ce403110664 -> 
  custom:audio-encoder-webm-vorbis: bf7c407c2cedff20999df2af8eb42d56 -> 
  custom:framework-win-MediaFoundation: 216162199b28c13a410421893ffa2e32 -> 
  custom:container-demuxer-ogg: 62fdf1f143b41e24485cea50d1cbac27 -> 
  custom:video-decoder-webm-vp8: 9c59270c3fd7afecdb556c50c9e8de78 -> 
  custom:audio-decoder-ogg-vorbis: bf7c407c2cedff20999df2af8eb42d56 -> 
========================================================================
Received Import Request.
  Time since last request: 465.198115 seconds.
  path: Packages/com.unity.probuilder/Content/Icons/Toolbar/Background/Object_Pressed_Horizontal.png
  artifactKey: Guid(65eadc7e5577c458b87403498a117203) Importer(815301076,1909f56bfc062723c751e8b465ee728b)
Start importing Packages/com.unity.probuilder/Content/Icons/Toolbar/Background/Object_Pressed_Horizontal.png using Guid(65eadc7e5577c458b87403498a117203) Importer(815301076,1909f56bfc062723c751e8b465ee728b)  -> (artifact id: '34946aa63d1df0a7871a5093b5aded6f') in 0.108126 seconds 
========================================================================
Received Import Request.
  Time since last request: 0.000024 seconds.
  path: Packages/com.unity.probuilder/Content/Icons/Toolbar/Background/Object_Pressed_Vertical.png
  artifactKey: Guid(fc0d74759c05e45149f0d8110191cf89) Importer(815301076,1909f56bfc062723c751e8b465ee728b)
Start importing Packages/com.unity.probuilder/Content/Icons/Toolbar/Background/Object_Pressed_Vertical.png using Guid(fc0d74759c05e45149f0d8110191cf89) Importer(815301076,1909f56bfc062723c751e8b465ee728b)  -> (artifact id: '4a9b34771850eeebc0a3052e58cfff3d') in 0.032822 seconds 
========================================================================
Received Import Request.
  Time since last request: 0.073951 seconds.
  path: Packages/com.unity.probuilder/Content/Icons/Toolbar/Background/Object_Pressed_Vertical_Light.png
  artifactKey: Guid(7a3e5bc5f8c3a70429b76611a26ca4cd) Importer(815301076,1909f56bfc062723c751e8b465ee728b)
Start importing Packages/com.unity.probuilder/Content/Icons/Toolbar/Background/Object_Pressed_Vertical_Light.png using Guid(7a3e5bc5f8c3a70429b76611a26ca4cd) Importer(815301076,1909f56bfc062723c751e8b465ee728b)  -> (artifact id: 'beb4653271bc222c6310e15ee6cd9652') in 0.042851 seconds 
========================================================================
Received Import Request.
  Time since last request: 0.000013 seconds.
  path: Packages/com.unity.probuilder/Content/Icons/Toolbar/Object_ProBuilderize_disabled.png
  artifactKey: Guid(a4aab6c0e7ac6441c8bdf395d78415a0) Importer(815301076,1909f56bfc062723c751e8b465ee728b)
Start importing Packages/com.unity.probuilder/Content/Icons/Toolbar/Object_ProBuilderize_disabled.png using Guid(a4aab6c0e7ac6441c8bdf395d78415a0) Importer(815301076,1909f56bfc062723c751e8b465ee728b)  -> (artifact id: '08ac84e3a5a3fb21c6bddf054a883943') in 0.072555 seconds 
========================================================================
Received Import Request.
  Time since last request: 0.000017 seconds.
  path: Packages/com.unity.probuilder/Content/Icons/Toolbar/Object_Subdivide_disabled.png
  artifactKey: Guid(4a239944eb900466eba405e00fba39be) Importer(815301076,1909f56bfc062723c751e8b465ee728b)
Start importing Packages/com.unity.probuilder/Content/Icons/Toolbar/Object_Subdivide_disabled.png using Guid(4a239944eb900466eba405e00fba39be) Importer(815301076,1909f56bfc062723c751e8b465ee728b)  -> (artifact id: '9e962535de0f554bcd2592c5cb063e33') in 0.032543 seconds 
========================================================================
Received Import Request.
  Time since last request: 0.139377 seconds.
  path: Packages/com.unity.probuilder/Content/Icons/Toolbar/Object_Triangulate_disabled.png
  artifactKey: Guid(31913ad76661a4a7ab667ceabd697359) Importer(815301076,1909f56bfc062723c751e8b465ee728b)
Start importing Packages/com.unity.probuilder/Content/Icons/Toolbar/Object_Triangulate_disabled.png using Guid(31913ad76661a4a7ab667ceabd697359) Importer(815301076,1909f56bfc062723c751e8b465ee728b)  -> (artifact id: 'f0f6a7c902e910fe5338785057db225d') in 0.058064 seconds 
========================================================================
Received Import Request.
  Time since last request: 0.000016 seconds.
  path: Packages/com.unity.probuilder/Content/Icons/Toolbar/Options.png
  artifactKey: Guid(62abaf77b3059466288eeb593d07d59a) Importer(815301076,1909f56bfc062723c751e8b465ee728b)
Start importing Packages/com.unity.probuilder/Content/Icons/Toolbar/Options.png using Guid(62abaf77b3059466288eeb593d07d59a) Importer(815301076,1909f56bfc062723c751e8b465ee728b)  -> (artifact id: '72cf24bb96955373c57b485481862705') in 0.024702 seconds 
========================================================================
Received Import Request.
  Time since last request: 0.000036 seconds.
  path: Packages/com.unity.probuilder/Content/Icons/Tools/ShapeTool/on/Pipe.png
  artifactKey: Guid(6c914ba40421c2d48a8c0d7ae477be8a) Importer(815301076,1909f56bfc062723c751e8b465ee728b)
Start importing Packages/com.unity.probuilder/Content/Icons/Tools/ShapeTool/on/Pipe.png using Guid(6c914ba40421c2d48a8c0d7ae477be8a) Importer(815301076,1909f56bfc062723c751e8b465ee728b)  -> (artifact id: 'daa3c0158cc67c61a31d81d347a28c6e') in 0.094678 seconds 
========================================================================
Received Import Request.
  Time since last request: 0.000014 seconds.
  path: Packages/com.unity.probuilder/Content/Icons/Toolbar/Panel_Smoothing.png
  artifactKey: Guid(cdf1fb390ba0745ff99b8f37be0803e6) Importer(815301076,1909f56bfc062723c751e8b465ee728b)
Start importing Packages/com.unity.probuilder/Content/Icons/Toolbar/Panel_Smoothing.png using Guid(cdf1fb390ba0745ff99b8f37be0803e6) Importer(815301076,1909f56bfc062723c751e8b465ee728b)  -> (artifact id: '24a1a10c12a3a339dd51b21a2d450896') in 0.062652 seconds 
========================================================================
Received Import Request.
  Time since last request: 0.000015 seconds.
  path: Packages/com.unity.probuilder/Content/Icons/Toolbar/Panel_GeoDrawing.png
  artifactKey: Guid(d662a44726f8f4ae7bfe880c93229aa0) Importer(815301076,1909f56bfc062723c751e8b465ee728b)
Start importing Packages/com.unity.probuilder/Content/Icons/Toolbar/Panel_GeoDrawing.png using Guid(d662a44726f8f4ae7bfe880c93229aa0) Importer(815301076,1909f56bfc062723c751e8b465ee728b)  -> (artifact id: '2f9819bb3b7cba7bab4859ace84e2620') in 0.048449 seconds 
========================================================================
Received Import Request.
  Time since last request: 0.000021 seconds.
  path: Packages/com.unity.probuilder/Content/Icons/Toolbar/Panel_VertColors.png
  artifactKey: Guid(cfa793a5b357642bf83fa6888ee18e76) Importer(815301076,1909f56bfc062723c751e8b465ee728b)
Start importing Packages/com.unity.probuilder/Content/Icons/Toolbar/Panel_VertColors.png using Guid(cfa793a5b357642bf83fa6888ee18e76) Importer(815301076,1909f56bfc062723c751e8b465ee728b)  -> (artifact id: 'ddd5616f74f20274b91b98f3985093da') in 0.077183 seconds 
========================================================================
Received Import Request.
  Time since last request: 0.000021 seconds.
  path: Packages/com.unity.probuilder/Content/Icons/Tools/ShapeTool/Pipe@2x.png
  artifactKey: Guid(3c77b7d7df7f49246b97160432e639fd) Importer(815301076,1909f56bfc062723c751e8b465ee728b)
Start importing Packages/com.unity.probuilder/Content/Icons/Tools/ShapeTool/Pipe@2x.png using Guid(3c77b7d7df7f49246b97160432e639fd) Importer(815301076,1909f56bfc062723c751e8b465ee728b)  -> (artifact id: 'ece306bfe94aea8ef708228b3c4b200b') in 0.060441 seconds 
========================================================================
Received Import Request.
  Time since last request: 0.000013 seconds.
  path: Packages/com.unity.probuilder/Content/Icons/Toolbar/Pivot_CenterOnObject_disabled.png
  artifactKey: Guid(681feae1fa1564753add1c7f0d1f8201) Importer(815301076,1909f56bfc062723c751e8b465ee728b)
Start importing Packages/com.unity.probuilder/Content/Icons/Toolbar/Pivot_CenterOnObject_disabled.png using Guid(681feae1fa1564753add1c7f0d1f8201) Importer(815301076,1909f56bfc062723c751e8b465ee728b)  -> (artifact id: '508d106cc2d81bcc64eac480bb79e409') in 0.044242 seconds 
========================================================================
Received Import Request.
  Time since last request: 0.000014 seconds.
  path: Packages/com.unity.probuilder/Content/Icons/Toolbar/Pivot_CenterOnElements_disabled.png
  artifactKey: Guid(cb4e6fc765183463cb5ab3522bfc607e) Importer(815301076,1909f56bfc062723c751e8b465ee728b)
Start importing Packages/com.unity.probuilder/Content/Icons/Toolbar/Pivot_CenterOnElements_disabled.png using Guid(cb4e6fc765183463cb5ab3522bfc607e) Importer(815301076,1909f56bfc062723c751e8b465ee728b)  -> (artifact id: '450998b6bc1ad7e01bef1d938cc8cc3b') in 0.021645 seconds 
========================================================================
Received Import Request.
  Time since last request: 0.000015 seconds.
  path: Packages/com.unity.probuilder/Content/Icons/Tools/ShapeTool/on/Pipe@2x.png
  artifactKey: Guid(ff353b04356359040846e25cc3244cb4) Importer(815301076,1909f56bfc062723c751e8b465ee728b)
Start importing Packages/com.unity.probuilder/Content/Icons/Tools/ShapeTool/on/Pipe@2x.png using Guid(ff353b04356359040846e25cc3244cb4) Importer(815301076,1909f56bfc062723c751e8b465ee728b)  -> (artifact id: 'e5f4e47e051bb7fe665f8585217e03c1') in 0.045106 seconds 
========================================================================
Received Import Request.
  Time since last request: 0.000019 seconds.
  path: Packages/com.unity.probuilder/Content/Icons/Toolbar/Pivot_Reset.png
  artifactKey: Guid(9e66b04a800d04546940b09710d86b8e) Importer(815301076,1909f56bfc062723c751e8b465ee728b)
Start importing Packages/com.unity.probuilder/Content/Icons/Toolbar/Pivot_Reset.png using Guid(9e66b04a800d04546940b09710d86b8e) Importer(815301076,1909f56bfc062723c751e8b465ee728b)  -> (artifact id: '2093877bf2dd65441b25d2c9b8828306') in 0.036348 seconds 
========================================================================
Received Import Request.
  Time since last request: 0.000018 seconds.
  path: Packages/com.unity.probuilder/Content/Icons/Toolbar/Pivot_CenterOnElements.png
  artifactKey: Guid(a112cd603fe664fb18e73b0700b4039f) Importer(815301076,1909f56bfc062723c751e8b465ee728b)
Start importing Packages/com.unity.probuilder/Content/Icons/Toolbar/Pivot_CenterOnElements.png using Guid(a112cd603fe664fb18e73b0700b4039f) Importer(815301076,1909f56bfc062723c751e8b465ee728b)  -> (artifact id: 'f1197a584beed19aeda83b814b7ed2c9') in 0.063044 seconds 
========================================================================
Received Import Request.
  Time since last request: 291.957185 seconds.
  path: Assets/Car Contents/Materials/black.mat
  artifactKey: Guid(55cb20cc20c004049bcd163db1dd1110) Importer(815301076,1909f56bfc062723c751e8b465ee728b)
Start importing Assets/Car Contents/Materials/black.mat using Guid(55cb20cc20c004049bcd163db1dd1110) Importer(815301076,1909f56bfc062723c751e8b465ee728b)  -> (artifact id: '7329e1d530eccc25a1a13f2970109960') in 0.116258 seconds 
========================================================================
Received Import Request.
  Time since last request: 0.000019 seconds.
  path: Assets/Car Contents/Materials/muffler.mat
  artifactKey: Guid(aad8d5e46a3aa484e944382832826c8a) Importer(815301076,1909f56bfc062723c751e8b465ee728b)
Start importing Assets/Car Contents/Materials/muffler.mat using Guid(aad8d5e46a3aa484e944382832826c8a) Importer(815301076,1909f56bfc062723c751e8b465ee728b)  -> (artifact id: 'a3c3e3517be89aef390bc732570132cd') in 0.009217 seconds 
========================================================================
Received Import Request.
  Time since last request: 67.652592 seconds.
  path: Packages/com.unity.probuilder/Content/Icons/Tools/ShapeTool/on/Plane.png
  artifactKey: Guid(7dc4e94724f8b614aae18a2cd169afe3) Importer(815301076,1909f56bfc062723c751e8b465ee728b)
Start importing Packages/com.unity.probuilder/Content/Icons/Tools/ShapeTool/on/Plane.png using Guid(7dc4e94724f8b614aae18a2cd169afe3) Importer(815301076,1909f56bfc062723c751e8b465ee728b)  -> (artifact id: 'ca722016c77b87d94d7cf82e03e19245') in 0.041133 seconds 
========================================================================
Received Import Request.
  Time since last request: 0.000027 seconds.
  path: Packages/com.unity.probuilder/Content/Icons/Tools/ShapeTool/on/Prism.png
  artifactKey: Guid(333e21795f3b6964a80f9f8b630f4ebe) Importer(815301076,1909f56bfc062723c751e8b465ee728b)
Start importing Packages/com.unity.probuilder/Content/Icons/Tools/ShapeTool/on/Prism.png using Guid(333e21795f3b6964a80f9f8b630f4ebe) Importer(815301076,1909f56bfc062723c751e8b465ee728b)  -> (artifact id: 'd309c3cf702e0ddb498794bd108552ce') in 0.091023 seconds 
========================================================================
Received Import Request.
  Time since last request: 0.000016 seconds.
  path: Packages/com.unity.probuilder/Content/Icons/Tools/ShapeTool/on/Plane@2x.png
  artifactKey: Guid(d0547ede8cffa4d46bc206b106e18bd7) Importer(815301076,1909f56bfc062723c751e8b465ee728b)
Start importing Packages/com.unity.probuilder/Content/Icons/Tools/ShapeTool/on/Plane@2x.png using Guid(d0547ede8cffa4d46bc206b106e18bd7) Importer(815301076,1909f56bfc062723c751e8b465ee728b)  -> (artifact id: '6008afd24023f3c7630755b367af1f57') in 0.038197 seconds 
========================================================================
Received Import Request.
  Time since last request: 0.000022 seconds.
  path: Packages/com.unity.probuilder/Content/Icons/Tools/ShapeTool/Plane_Light.png
  artifactKey: Guid(53f03ac89fc559a4e9bd28dba20e72b0) Importer(815301076,1909f56bfc062723c751e8b465ee728b)
Start importing Packages/com.unity.probuilder/Content/Icons/Tools/ShapeTool/Plane_Light.png using Guid(53f03ac89fc559a4e9bd28dba20e72b0) Importer(815301076,1909f56bfc062723c751e8b465ee728b)  -> (artifact id: '98103de2cf5bc72605399882abba7e7e') in 0.099477 seconds 
========================================================================
Received Import Request.
  Time since last request: 0.000015 seconds.
  path: Packages/com.unity.probuilder/Content/Icons/Toolbar/Background/RoundedRect_Hover_Blue.png
  artifactKey: Guid(b1125a794934140a0920919da7685416) Importer(815301076,1909f56bfc062723c751e8b465ee728b)
Start importing Packages/com.unity.probuilder/Content/Icons/Toolbar/Background/RoundedRect_Hover_Blue.png using Guid(b1125a794934140a0920919da7685416) Importer(815301076,1909f56bfc062723c751e8b465ee728b)  -> (artifact id: 'fa18a4232a6851cd3664ab38bd65aedb') in 0.115210 seconds 
========================================================================
Received Import Request.
  Time since last request: 0.000017 seconds.
  path: Packages/com.unity.probuilder/Content/Icons/UVEditor/ProBuilderGUI_UV_ShowTexture_Off.png
  artifactKey: Guid(dbb4b574fd7ee40eb876528351e6f9ad) Importer(815301076,1909f56bfc062723c751e8b465ee728b)
Start importing Packages/com.unity.probuilder/Content/Icons/UVEditor/ProBuilderGUI_UV_ShowTexture_Off.png using Guid(dbb4b574fd7ee40eb876528351e6f9ad) Importer(815301076,1909f56bfc062723c751e8b465ee728b)  -> (artifact id: 'ae3494ce30cbe0d2176652c31f3c50a7') in 0.088257 seconds 
========================================================================
Received Import Request.
  Time since last request: 0.000021 seconds.
  path: Packages/com.unity.probuilder/Content/Icons/Tools/ShapeTool/Prism@2x_Light.png
  artifactKey: Guid(c6c1579a2bd11934c9658a9e9e223714) Importer(815301076,1909f56bfc062723c751e8b465ee728b)
Start importing Packages/com.unity.probuilder/Content/Icons/Tools/ShapeTool/Prism@2x_Light.png using Guid(c6c1579a2bd11934c9658a9e9e223714) Importer(815301076,1909f56bfc062723c751e8b465ee728b)  -> (artifact id: 'd43c52ccfa62176230e540729c115fed') in 0.072169 seconds 
========================================================================
Received Import Request.
  Time since last request: 0.000023 seconds.
  path: Packages/com.unity.probuilder/Content/Icons/Toolbar/ProOnly.png
  artifactKey: Guid(6db74a7ca279d45b58ab5d9be550ded6) Importer(815301076,1909f56bfc062723c751e8b465ee728b)
Start importing Packages/com.unity.probuilder/Content/Icons/Toolbar/ProOnly.png using Guid(6db74a7ca279d45b58ab5d9be550ded6) Importer(815301076,1909f56bfc062723c751e8b465ee728b)  -> (artifact id: '8354bff7bad5b26e844e7b86954e54ff') in 0.104650 seconds 
========================================================================
Received Import Request.
  Time since last request: 0.000017 seconds.
  path: Packages/com.unity.probuilder/Content/Icons/Toolbar/Selection_Rect_Complete.png
  artifactKey: Guid(07e89e2d154d04623b0fb96b6bfc29bf) Importer(815301076,1909f56bfc062723c751e8b465ee728b)
Start importing Packages/com.unity.probuilder/Content/Icons/Toolbar/Selection_Rect_Complete.png using Guid(07e89e2d154d04623b0fb96b6bfc29bf) Importer(815301076,1909f56bfc062723c751e8b465ee728b)  -> (artifact id: 'f7533ce528ecf4e0c52e0f3b22fea655') in 0.093981 seconds 
========================================================================
Received Import Request.
  Time since last request: 0.000022 seconds.
  path: Packages/com.unity.probuilder/Content/Icons/Toolbar/Background/Selection_Pressed_Horizontal.png
  artifactKey: Guid(89eed54694d6d4c158fa5d2220796547) Importer(815301076,1909f56bfc062723c751e8b465ee728b)
Start importing Packages/com.unity.probuilder/Content/Icons/Toolbar/Background/Selection_Pressed_Horizontal.png using Guid(89eed54694d6d4c158fa5d2220796547) Importer(815301076,1909f56bfc062723c751e8b465ee728b)  -> (artifact id: '426c8e71a2978451f0e1c3a354a6c958') in 0.053283 seconds 
========================================================================
Received Import Request.
  Time since last request: 0.000016 seconds.
  path: Packages/com.unity.probuilder/Content/Icons/Tools/ShapeTool/Plane@2x_Light.png
  artifactKey: Guid(0bfc881c22e265440b584e0b54a82f63) Importer(815301076,1909f56bfc062723c751e8b465ee728b)
Start importing Packages/com.unity.probuilder/Content/Icons/Tools/ShapeTool/Plane@2x_Light.png using Guid(0bfc881c22e265440b584e0b54a82f63) Importer(815301076,1909f56bfc062723c751e8b465ee728b)  -> (artifact id: '29eaf56c2b3ac8b3adae804470a5c736') in 0.080001 seconds 
========================================================================
Received Import Request.
  Time since last request: 0.000015 seconds.
  path: Packages/com.unity.probuilder/Content/Icons/Tools/ShapeTool/Prism_Light.png
  artifactKey: Guid(e086087945620c84c8b70575806747c6) Importer(815301076,1909f56bfc062723c751e8b465ee728b)
Start importing Packages/com.unity.probuilder/Content/Icons/Tools/ShapeTool/Prism_Light.png using Guid(e086087945620c84c8b70575806747c6) Importer(815301076,1909f56bfc062723c751e8b465ee728b)  -> (artifact id: '1e7a1f0171744628deb159d2042a6ea0') in 0.036664 seconds 
========================================================================
Received Import Request.
  Time since last request: 0.328954 seconds.
  path: Packages/com.unity.probuilder/Content/Icons/Toolbar/Selection_Ring.png
  artifactKey: Guid(dda70ebc32c4c49b3a6187d6ded83f5b) Importer(815301076,1909f56bfc062723c751e8b465ee728b)
Start importing Packages/com.unity.probuilder/Content/Icons/Toolbar/Selection_Ring.png using Guid(dda70ebc32c4c49b3a6187d6ded83f5b) Importer(815301076,1909f56bfc062723c751e8b465ee728b)  -> (artifact id: '7d7ece8f8d19db1626fa23ef1d018185') in 0.063698 seconds 
========================================================================
Received Import Request.
  Time since last request: 0.000036 seconds.
  path: Packages/com.unity.probuilder/Content/Icons/Toolbar/Selection_SelectHidden-OFF.png
  artifactKey: Guid(e95863eaba9e840398e091f5f012842b) Importer(815301076,1909f56bfc062723c751e8b465ee728b)
Start importing Packages/com.unity.probuilder/Content/Icons/Toolbar/Selection_SelectHidden-OFF.png using Guid(e95863eaba9e840398e091f5f012842b) Importer(815301076,1909f56bfc062723c751e8b465ee728b)  -> (artifact id: '023780c749ab8421e0c7fd0e22d69dd8') in 0.050428 seconds 
========================================================================
Received Import Request.
  Time since last request: 0.000036 seconds.
  path: Packages/com.unity.probuilder/Content/Icons/Toolbar/Selection_Shrink_disabled.png
  artifactKey: Guid(eb755aec2837044cb8f7ced981795b9d) Importer(815301076,1909f56bfc062723c751e8b465ee728b)
Start importing Packages/com.unity.probuilder/Content/Icons/Toolbar/Selection_Shrink_disabled.png using Guid(eb755aec2837044cb8f7ced981795b9d) Importer(815301076,1909f56bfc062723c751e8b465ee728b)  -> (artifact id: '4e37e989dfe46afe05d1549f3ea46dfb') in 0.047818 seconds 
========================================================================
Received Import Request.
  Time since last request: 0.000047 seconds.
  path: Packages/com.unity.probuilder/Content/Icons/Toolbar/Selection_ShiftAdd.png
  artifactKey: Guid(355d6186c739f4e57b30cd51ded99471) Importer(815301076,1909f56bfc062723c751e8b465ee728b)
Start importing Packages/com.unity.probuilder/Content/Icons/Toolbar/Selection_ShiftAdd.png using Guid(355d6186c739f4e57b30cd51ded99471) Importer(815301076,1909f56bfc062723c751e8b465ee728b)  -> (artifact id: 'aeeb72adeb75a6210795751af387dacf') in 0.053948 seconds 
========================================================================
Received Import Request.
  Time since last request: 0.000014 seconds.
  path: Packages/com.unity.probuilder/Content/Icons/Toolbar/Selection_Shrink.png
  artifactKey: Guid(8cc38b3a75170440ca1a1cfa37837ed5) Importer(815301076,1909f56bfc062723c751e8b465ee728b)
Start importing Packages/com.unity.probuilder/Content/Icons/Toolbar/Selection_Shrink.png using Guid(8cc38b3a75170440ca1a1cfa37837ed5) Importer(815301076,1909f56bfc062723c751e8b465ee728b)  -> (artifact id: '4af73aa34489c4fc8b41f074bcca6b05') in 0.064083 seconds 
========================================================================
Received Import Request.
  Time since last request: 0.000013 seconds.
  path: Packages/com.unity.probuilder/Content/Icons/Scene/SelectionRect.png
  artifactKey: Guid(493bda9d2800a4516b04e170719fe521) Importer(815301076,1909f56bfc062723c751e8b465ee728b)
Start importing Packages/com.unity.probuilder/Content/Icons/Scene/SelectionRect.png using Guid(493bda9d2800a4516b04e170719fe521) Importer(815301076,1909f56bfc062723c751e8b465ee728b)  -> (artifact id: 'e58c4d35b51ee39aca0f17f3d91e4b05') in 0.041466 seconds 
========================================================================
Received Import Request.
  Time since last request: 0.000016 seconds.
  path: Packages/com.unity.probuilder/Content/Icons/Toolbar/Selection_SelectBySmoothingGroup.png
  artifactKey: Guid(eb21164897b574d6b8a0c05c9d672652) Importer(815301076,1909f56bfc062723c751e8b465ee728b)
Start importing Packages/com.unity.probuilder/Content/Icons/Toolbar/Selection_SelectBySmoothingGroup.png using Guid(eb21164897b574d6b8a0c05c9d672652) Importer(815301076,1909f56bfc062723c751e8b465ee728b)  -> (artifact id: '0d256f6cd964043608c5d23d5ee87fb1') in 0.043924 seconds 
========================================================================
Received Import Request.
  Time since last request: 0.000022 seconds.
  path: Packages/com.unity.probuilder/Content/Icons/Toolbar/Selection_SelectByMaterial.png
  artifactKey: Guid(c0404ba48e711412ab3269a164760091) Importer(815301076,1909f56bfc062723c751e8b465ee728b)
Start importing Packages/com.unity.probuilder/Content/Icons/Toolbar/Selection_SelectByMaterial.png using Guid(c0404ba48e711412ab3269a164760091) Importer(815301076,1909f56bfc062723c751e8b465ee728b)  -> (artifact id: 'd5d68254c3e997e7715c1a04117323c9') in 0.043734 seconds 
========================================================================
Received Import Request.
  Time since last request: 0.000018 seconds.
  path: Packages/com.unity.probuilder/Content/Icons/Tools/ShapeTool/on/Sphere.png
  artifactKey: Guid(cdd0908a37d2fa84980f8867a676049b) Importer(815301076,1909f56bfc062723c751e8b465ee728b)
Start importing Packages/com.unity.probuilder/Content/Icons/Tools/ShapeTool/on/Sphere.png using Guid(cdd0908a37d2fa84980f8867a676049b) Importer(815301076,1909f56bfc062723c751e8b465ee728b)  -> (artifact id: 'a96ad9cf6265d4b0f89b0c97b8d4972f') in 0.064342 seconds 
========================================================================
Received Import Request.
  Time since last request: 0.000019 seconds.
  path: Packages/com.unity.probuilder/Content/Icons/Tools/ShapeTool/Sphere.png
  artifactKey: Guid(354177b5c3a3c6240ada0b1db08cad55) Importer(815301076,1909f56bfc062723c751e8b465ee728b)
Start importing Packages/com.unity.probuilder/Content/Icons/Tools/ShapeTool/Sphere.png using Guid(354177b5c3a3c6240ada0b1db08cad55) Importer(815301076,1909f56bfc062723c751e8b465ee728b)  -> (artifact id: 'f332a492c9bee0d444ca1dbaec7724c0') in 0.068475 seconds 
========================================================================
Received Import Request.
  Time since last request: 0.000020 seconds.
  path: Packages/com.unity.probuilder/Content/Icons/Toolbar/ShowNextPage_Right.png
  artifactKey: Guid(3bf8693eb2c37403a811b4f1caf3d004) Importer(815301076,1909f56bfc062723c751e8b465ee728b)
Start importing Packages/com.unity.probuilder/Content/Icons/Toolbar/ShowNextPage_Right.png using Guid(3bf8693eb2c37403a811b4f1caf3d004) Importer(815301076,1909f56bfc062723c751e8b465ee728b)  -> (artifact id: '8262cd775192106d10e92e43b8291593') in 0.051228 seconds 
========================================================================
Received Import Request.
  Time since last request: 0.000027 seconds.
  path: Packages/com.unity.probuilder/Content/Icons/Toolbar/ShowNextPage_Down.png
  artifactKey: Guid(79459c0d618c144a894f23f3264a460f) Importer(815301076,1909f56bfc062723c751e8b465ee728b)
Start importing Packages/com.unity.probuilder/Content/Icons/Toolbar/ShowNextPage_Down.png using Guid(79459c0d618c144a894f23f3264a460f) Importer(815301076,1909f56bfc062723c751e8b465ee728b)  -> (artifact id: '9ba4b4d34c4acf0cda143ab390b86ad9') in 0.032062 seconds 
========================================================================
Received Import Request.
  Time since last request: 0.083380 seconds.
  path: Packages/com.unity.probuilder/Content/Icons/Tools/ShapeTool/on/Sphere@2x.png
  artifactKey: Guid(8a94b25b61361b64dadad57f3a3481b6) Importer(815301076,1909f56bfc062723c751e8b465ee728b)
Start importing Packages/com.unity.probuilder/Content/Icons/Tools/ShapeTool/on/Sphere@2x.png using Guid(8a94b25b61361b64dadad57f3a3481b6) Importer(815301076,1909f56bfc062723c751e8b465ee728b)  -> (artifact id: '9dfd4d9c72f1bf0af98b705e31c6d8c6') in 0.112764 seconds 
========================================================================
Received Import Request.
  Time since last request: 0.000016 seconds.
  path: Packages/com.unity.probuilder/Content/Icons/Tools/ShapeTool/Sprite@2x.png
  artifactKey: Guid(0827381bdac1bcb45ac1962eb838af6b) Importer(815301076,1909f56bfc062723c751e8b465ee728b)
Start importing Packages/com.unity.probuilder/Content/Icons/Tools/ShapeTool/Sprite@2x.png using Guid(0827381bdac1bcb45ac1962eb838af6b) Importer(815301076,1909f56bfc062723c751e8b465ee728b)  -> (artifact id: '7166ed6ede62ea9844c573729153dd47') in 0.082329 seconds 
========================================================================
Received Import Request.
  Time since last request: 0.000029 seconds.
  path: Packages/com.unity.probuilder/Content/Icons/Toolbar/Texturing_Paintbrush.png
  artifactKey: Guid(cd7a91ef87d0b4d028bf97077204fc1c) Importer(815301076,1909f56bfc062723c751e8b465ee728b)
Start importing Packages/com.unity.probuilder/Content/Icons/Toolbar/Texturing_Paintbrush.png using Guid(cd7a91ef87d0b4d028bf97077204fc1c) Importer(815301076,1909f56bfc062723c751e8b465ee728b)  -> (artifact id: 'bce97d1c23addef06ee45410b0736691') in 0.059793 seconds 
========================================================================
Received Import Request.
  Time since last request: 0.000016 seconds.
  path: Packages/com.unity.probuilder/Content/Icons/Tools/ShapeTool/Stairs.png
  artifactKey: Guid(db8ede24485cce14ca6db9839d7eb3f8) Importer(815301076,1909f56bfc062723c751e8b465ee728b)
Start importing Packages/com.unity.probuilder/Content/Icons/Tools/ShapeTool/Stairs.png using Guid(db8ede24485cce14ca6db9839d7eb3f8) Importer(815301076,1909f56bfc062723c751e8b465ee728b)  -> (artifact id: '8782c8491dc0ae2f36036a6a571a6c17') in 0.058253 seconds 
========================================================================
Received Import Request.
  Time since last request: 0.000012 seconds.
  path: Packages/com.unity.probuilder/Content/Icons/Tools/ShapeTool/Stairs@2x.png
  artifactKey: Guid(ad00c1523308ff84fa1a975de7a4f150) Importer(815301076,1909f56bfc062723c751e8b465ee728b)
Start importing Packages/com.unity.probuilder/Content/Icons/Tools/ShapeTool/Stairs@2x.png using Guid(ad00c1523308ff84fa1a975de7a4f150) Importer(815301076,1909f56bfc062723c751e8b465ee728b)  -> (artifact id: 'bf994535cda3cdf0b5a5a10d6ce3014d') in 0.029276 seconds 
========================================================================
Received Import Request.
  Time since last request: 0.000013 seconds.
  path: Packages/com.unity.probuilder/Content/Icons/Tools/ShapeTool/on/Stair.png
  artifactKey: Guid(47d1b6289109a1b448ba58881c54eaba) Importer(815301076,1909f56bfc062723c751e8b465ee728b)
Start importing Packages/com.unity.probuilder/Content/Icons/Tools/ShapeTool/on/Stair.png using Guid(47d1b6289109a1b448ba58881c54eaba) Importer(815301076,1909f56bfc062723c751e8b465ee728b)  -> (artifact id: '7c021a14cbd5fb65f8158d9616e138e6') in 0.038557 seconds 
========================================================================
Received Import Request.
  Time since last request: 0.000020 seconds.
  path: Packages/com.unity.probuilder/Content/Icons/Toolbar/Background/Tool_Hover_Vertical.png
  artifactKey: Guid(994ce50ee442c4f259b8cbc4bf268c12) Importer(815301076,1909f56bfc062723c751e8b465ee728b)
Start importing Packages/com.unity.probuilder/Content/Icons/Toolbar/Background/Tool_Hover_Vertical.png using Guid(994ce50ee442c4f259b8cbc4bf268c12) Importer(815301076,1909f56bfc062723c751e8b465ee728b)  -> (artifact id: '9d76f615086953e175bf48d5dcf2c47d') in 0.140038 seconds 
========================================================================
Received Import Request.
  Time since last request: 0.000024 seconds.
  path: Packages/com.unity.probuilder/Content/Icons/Toolbar/Background/Tool_Normal_Horizontal.png
  artifactKey: Guid(89890fa7d231845c0b41fed1b560c743) Importer(815301076,1909f56bfc062723c751e8b465ee728b)
Start importing Packages/com.unity.probuilder/Content/Icons/Toolbar/Background/Tool_Normal_Horizontal.png using Guid(89890fa7d231845c0b41fed1b560c743) Importer(815301076,1909f56bfc062723c751e8b465ee728b)  -> (artifact id: '45bc2ccf9e1115a4fe67f5aebde09cf4') in 0.062640 seconds 
========================================================================
Received Import Request.
  Time since last request: 0.000013 seconds.
  path: Packages/com.unity.probuilder/Content/Icons/Tools/ShapeTool/Torus.png
  artifactKey: Guid(ad01bf115475dec49a250d391dd75cf0) Importer(815301076,1909f56bfc062723c751e8b465ee728b)
Start importing Packages/com.unity.probuilder/Content/Icons/Tools/ShapeTool/Torus.png using Guid(ad01bf115475dec49a250d391dd75cf0) Importer(815301076,1909f56bfc062723c751e8b465ee728b)  -> (artifact id: 'baa50c6ca6fe69645cf38f51ebeb6310') in 0.049305 seconds 
========================================================================
Received Import Request.
  Time since last request: 0.000015 seconds.
  path: Packages/com.unity.probuilder/Content/Icons/Toolbar/Background/Tool_Pressed_Horizontal.png
  artifactKey: Guid(8736de6dd61c54aefb727304512a99bd) Importer(815301076,1909f56bfc062723c751e8b465ee728b)
Start importing Packages/com.unity.probuilder/Content/Icons/Toolbar/Background/Tool_Pressed_Horizontal.png using Guid(8736de6dd61c54aefb727304512a99bd) Importer(815301076,1909f56bfc062723c751e8b465ee728b)  -> (artifact id: '12552e59a2e1a23667e4f0d464f74671') in 0.066533 seconds 
========================================================================
Received Import Request.
  Time since last request: 0.000014 seconds.
  path: Packages/com.unity.probuilder/Content/Icons/Tools/ShapeTool/Torus@2x.png
  artifactKey: Guid(8bc20ca7049b5ae44a2571f02344eee3) Importer(815301076,1909f56bfc062723c751e8b465ee728b)
Start importing Packages/com.unity.probuilder/Content/Icons/Tools/ShapeTool/Torus@2x.png using Guid(8bc20ca7049b5ae44a2571f02344eee3) Importer(815301076,1909f56bfc062723c751e8b465ee728b)  -> (artifact id: 'f1ee7bfbfdf327c9c07e1fecbe08d5c0') in 0.035392 seconds 
========================================================================
Received Import Request.
  Time since last request: 0.000022 seconds.
  path: Packages/com.unity.probuilder/Content/Icons/Tools/ShapeTool/Sprite.png
  artifactKey: Guid(9d971e1338f705046a6f346777dbf801) Importer(815301076,1909f56bfc062723c751e8b465ee728b)
Start importing Packages/com.unity.probuilder/Content/Icons/Tools/ShapeTool/Sprite.png using Guid(9d971e1338f705046a6f346777dbf801) Importer(815301076,1909f56bfc062723c751e8b465ee728b)  -> (artifact id: 'ac76a0bca7c0be7395cfa40953f1dfdb') in 0.031200 seconds 
========================================================================
Received Import Request.
  Time since last request: 0.136492 seconds.
  path: Packages/com.unity.probuilder/Content/Icons/Toolbar/Vert_Collapse.png
  artifactKey: Guid(212f6e5b4677e4aef89ab69f35bfd49b) Importer(815301076,1909f56bfc062723c751e8b465ee728b)
Start importing Packages/com.unity.probuilder/Content/Icons/Toolbar/Vert_Collapse.png using Guid(212f6e5b4677e4aef89ab69f35bfd49b) Importer(815301076,1909f56bfc062723c751e8b465ee728b)  -> (artifact id: 'cf2913b7e266b62a4b691a45dd8fa9d7') in 0.075546 seconds 
========================================================================
Received Import Request.
  Time since last request: 0.000017 seconds.
  path: Packages/com.unity.probuilder/Content/Icons/Toolbar/Vert_Connect_disabled.png
  artifactKey: Guid(4256fc65ffe3045a189d6dc9126fc677) Importer(815301076,1909f56bfc062723c751e8b465ee728b)
Start importing Packages/com.unity.probuilder/Content/Icons/Toolbar/Vert_Connect_disabled.png using Guid(4256fc65ffe3045a189d6dc9126fc677) Importer(815301076,1909f56bfc062723c751e8b465ee728b)  -> (artifact id: '9e59964b1d744a19eb62a5305cd1b305') in 0.086416 seconds 
========================================================================
Received Import Request.
  Time since last request: 0.000025 seconds.
  path: Packages/com.unity.probuilder/Content/Icons/Toolbar/Vert_Weld_disabled.png
  artifactKey: Guid(e80a17b3ac06e4a09b213b658fb3a2da) Importer(815301076,1909f56bfc062723c751e8b465ee728b)
Start importing Packages/com.unity.probuilder/Content/Icons/Toolbar/Vert_Weld_disabled.png using Guid(e80a17b3ac06e4a09b213b658fb3a2da) Importer(815301076,1909f56bfc062723c751e8b465ee728b)  -> (artifact id: '050ac90fe0c33c89d5250909513f7889') in 0.046148 seconds 
========================================================================
Received Import Request.
  Time since last request: 0.000014 seconds.
  path: Packages/com.unity.probuilder/Content/Icons/Toolbar/Vert_Split_disabled.png
  artifactKey: Guid(a43c02bb4073847f7b8d45b92d46259c) Importer(815301076,1909f56bfc062723c751e8b465ee728b)
Start importing Packages/com.unity.probuilder/Content/Icons/Toolbar/Vert_Split_disabled.png using Guid(a43c02bb4073847f7b8d45b92d46259c) Importer(815301076,1909f56bfc062723c751e8b465ee728b)  -> (artifact id: '2abe87e7104da846902379531667f236') in 0.022988 seconds 
========================================================================
Received Prepare
Registering precompiled user dll's ...
Registered in 0.003222 seconds.
Begin MonoManager ReloadAssembly
Symbol file LoadedFromMemory doesn't match image D:\SRP_example-main\Library\PackageCache\com.unity.visualscripting@1.8.0\Editor\VisualScripting.Core\Dependencies\YamlDotNet\Unity.VisualScripting.YamlDotNet.dll
Symbol file LoadedFromMemory doesn't match image D:\SRP_example-main\Library\PackageCache\com.unity.visualscripting@1.8.0\Editor\VisualScripting.Core\Dependencies\DotNetZip\Unity.VisualScripting.IonicZip.dll
Native extension for WindowsStandalone target not found
Native extension for WebGL target not found
Refreshing native plugins compatible for Editor in 0.33 ms, found 1 plugins.
Preloading 0 native plugins for Editor in 0.00 ms.
Mono: successfully reloaded assembly
- Completed reload, in  0.698 seconds
Domain Reload Profiling:
	ReloadAssembly (699ms)
		BeginReloadAssembly (91ms)
			ExecutionOrderSort (0ms)
			DisableScriptedObjects (3ms)
			BackupInstance (0ms)
			ReleaseScriptingObjects (0ms)
			CreateAndSetChildDomain (26ms)
		EndReloadAssembly (536ms)
			LoadAssemblies (54ms)
			RebuildTransferFunctionScriptingTraits (0ms)
			SetupTypeCache (184ms)
			ReleaseScriptCaches (1ms)
			RebuildScriptCaches (33ms)
			SetupLoadedEditorAssemblies (215ms)
				LogAssemblyErrors (0ms)
				InitializePlatformSupportModulesInManaged (9ms)
				SetLoadedEditorAssemblies (0ms)
				RefreshPlugins (0ms)
				BeforeProcessingInitializeOnLoad (41ms)
				ProcessInitializeOnLoadAttributes (106ms)
				ProcessInitializeOnLoadMethodAttributes (57ms)
				AfterProcessingInitializeOnLoad (2ms)
				EditorAssembliesLoaded (0ms)
			ExecutionOrderSort2 (0ms)
			AwakeInstancesAfterBackupRestoration (4ms)
Platform modules already initialized, skipping
Refreshing native plugins compatible for Editor in 1.72 ms, found 1 plugins.
Preloading 0 native plugins for Editor in 0.00 ms.
Unloading 3036 Unused Serialized files (Serialized files now loaded: 0)
Unloading 12 unused Assets / (371.3 KB). Loaded Objects now: 3632.
Memory consumption went from 120.1 MB to 119.7 MB.
Total: 1.884600 ms (FindLiveObjects: 0.163100 ms CreateObjectMapping: 0.064200 ms MarkObjects: 1.548700 ms  DeleteObjects: 0.107900 ms)

AssetImportParameters requested are different than current active one (requested -> active):
  custom:video-decoder-ogg-theora: a1e56fd34408186e4bbccfd4996cb3dc -> 
  custom:container-muxer-webm: aa71ff27fc2769a1b78a27578f13a17b -> 
  custom:container-demuxer-webm: 4f35f7cbe854078d1ac9338744f61a02 -> 
  custom:video-encoder-webm-vp8: eb34c28f22e8b96e1ab97ce403110664 -> 
  custom:audio-encoder-webm-vorbis: bf7c407c2cedff20999df2af8eb42d56 -> 
  custom:framework-win-MediaFoundation: 216162199b28c13a410421893ffa2e32 -> 
  custom:container-demuxer-ogg: 62fdf1f143b41e24485cea50d1cbac27 -> 
  custom:video-decoder-webm-vp8: 9c59270c3fd7afecdb556c50c9e8de78 -> 
  custom:audio-decoder-ogg-vorbis: bf7c407c2cedff20999df2af8eb42d56 -> 
========================================================================
Received Import Request.
  Time since last request: 450.802028 seconds.
  path: Assets/Import/Futatsugoya_Tunnel_Abandoned_road_japan/materials/bansei_1_392k_20200425_u1_v1_0.mat
  artifactKey: Guid(66c4e4a34ad66e14ba2b51d1771f96c7) Importer(815301076,1909f56bfc062723c751e8b465ee728b)
Start importing Assets/Import/Futatsugoya_Tunnel_Abandoned_road_japan/materials/bansei_1_392k_20200425_u1_v1_0.mat using Guid(66c4e4a34ad66e14ba2b51d1771f96c7) Importer(815301076,1909f56bfc062723c751e8b465ee728b)  -> (artifact id: '68b5e803558d6205fec0470d75114e84') in 0.115902 seconds 
========================================================================
Received Import Request.
  Time since last request: 0.000023 seconds.
  path: Assets/Import/Futatsugoya_Tunnel_Abandoned_road_japan/materials/bansei_1_392k_20200425_u3_v2_7.mat
  artifactKey: Guid(1c3beef0afc1950498336694a9951da6) Importer(815301076,1909f56bfc062723c751e8b465ee728b)
Start importing Assets/Import/Futatsugoya_Tunnel_Abandoned_road_japan/materials/bansei_1_392k_20200425_u3_v2_7.mat using Guid(1c3beef0afc1950498336694a9951da6) Importer(815301076,1909f56bfc062723c751e8b465ee728b)  -> (artifact id: '7ff3ca210b74f81897094a72bfd7c1ca') in 0.013477 seconds 
========================================================================
Received Import Request.
  Time since last request: 0.000024 seconds.
  path: Assets/Import/Futatsugoya_Tunnel_Abandoned_road_japan/materials/bansei_1_392k_20200425_u4_v2_10.mat
  artifactKey: Guid(994e8ddd429009a41bc23b4c66f2a024) Importer(815301076,1909f56bfc062723c751e8b465ee728b)
Start importing Assets/Import/Futatsugoya_Tunnel_Abandoned_road_japan/materials/bansei_1_392k_20200425_u4_v2_10.mat using Guid(994e8ddd429009a41bc23b4c66f2a024) Importer(815301076,1909f56bfc062723c751e8b465ee728b)  -> (artifact id: '153f58cdbb62af7a48db98de89082808') in 0.007215 seconds 
========================================================================
Received Import Request.
  Time since last request: 0.000015 seconds.
  path: Packages/com.unity.probuilder/Content/Resources/Materials/EdgePicker.mat
  artifactKey: Guid(4ff996e3a0a5743a3987ab6231160665) Importer(815301076,1909f56bfc062723c751e8b465ee728b)
Start importing Packages/com.unity.probuilder/Content/Resources/Materials/EdgePicker.mat using Guid(4ff996e3a0a5743a3987ab6231160665) Importer(815301076,1909f56bfc062723c751e8b465ee728b)  -> (artifact id: '16415ea9f3e03b4a842e5bd3d1d1c675') in 0.021968 seconds 
========================================================================
Received Import Request.
  Time since last request: 0.000014 seconds.
  path: Packages/com.unity.probuilder/Content/Resources/Materials/Collider.mat
  artifactKey: Guid(bbb235fff4f48426b863b36058ab66d2) Importer(815301076,1909f56bfc062723c751e8b465ee728b)
Start importing Packages/com.unity.probuilder/Content/Resources/Materials/Collider.mat using Guid(bbb235fff4f48426b863b36058ab66d2) Importer(815301076,1909f56bfc062723c751e8b465ee728b)  -> (artifact id: 'ad5fd292f4503a91121cd016529bc64e') in 0.084114 seconds 
========================================================================
Received Import Request.
  Time since last request: 0.000025 seconds.
  path: Assets/Import/Futatsugoya_Tunnel_Abandoned_road_japan/materials/bansei_1_392k_20200425_u3_v3_8.mat
  artifactKey: Guid(272adc918ac5b0a4ebf9021651e02b84) Importer(815301076,1909f56bfc062723c751e8b465ee728b)
Start importing Assets/Import/Futatsugoya_Tunnel_Abandoned_road_japan/materials/bansei_1_392k_20200425_u3_v3_8.mat using Guid(272adc918ac5b0a4ebf9021651e02b84) Importer(815301076,1909f56bfc062723c751e8b465ee728b)  -> (artifact id: '282c5d47b99c97eab6860bcae0547b05') in 0.021870 seconds 
========================================================================
Received Import Request.
  Time since last request: 0.000018 seconds.
  path: Assets/Import/Futatsugoya_Tunnel_Abandoned_road_japan/materials/bansei_1_392k_20200425_u2_v2_4.mat
  artifactKey: Guid(037e63302c89a524c93ad8282b373c36) Importer(815301076,1909f56bfc062723c751e8b465ee728b)
Start importing Assets/Import/Futatsugoya_Tunnel_Abandoned_road_japan/materials/bansei_1_392k_20200425_u2_v2_4.mat using Guid(037e63302c89a524c93ad8282b373c36) Importer(815301076,1909f56bfc062723c751e8b465ee728b)  -> (artifact id: '20ce1498516bab0bffba213a916f835c') in 0.010790 seconds 
========================================================================
Received Prepare
Registering precompiled user dll's ...
Registered in 0.003109 seconds.
Begin MonoManager ReloadAssembly
Symbol file LoadedFromMemory doesn't match image D:\SRP_example-main\Library\PackageCache\com.unity.visualscripting@1.8.0\Editor\VisualScripting.Core\Dependencies\YamlDotNet\Unity.VisualScripting.YamlDotNet.dll
Symbol file LoadedFromMemory doesn't match image D:\SRP_example-main\Library\PackageCache\com.unity.visualscripting@1.8.0\Editor\VisualScripting.Core\Dependencies\DotNetZip\Unity.VisualScripting.IonicZip.dll
Native extension for WindowsStandalone target not found
Native extension for WebGL target not found
Refreshing native plugins compatible for Editor in 0.33 ms, found 1 plugins.
Preloading 0 native plugins for Editor in 0.00 ms.
Mono: successfully reloaded assembly
- Completed reload, in  0.666 seconds
Domain Reload Profiling:
	ReloadAssembly (666ms)
		BeginReloadAssembly (102ms)
			ExecutionOrderSort (0ms)
			DisableScriptedObjects (3ms)
			BackupInstance (0ms)
			ReleaseScriptingObjects (0ms)
			CreateAndSetChildDomain (29ms)
		EndReloadAssembly (491ms)
			LoadAssemblies (62ms)
			RebuildTransferFunctionScriptingTraits (0ms)
			SetupTypeCache (170ms)
			ReleaseScriptCaches (1ms)
			RebuildScriptCaches (27ms)
			SetupLoadedEditorAssemblies (201ms)
				LogAssemblyErrors (0ms)
				InitializePlatformSupportModulesInManaged (9ms)
				SetLoadedEditorAssemblies (0ms)
				RefreshPlugins (0ms)
				BeforeProcessingInitializeOnLoad (39ms)
				ProcessInitializeOnLoadAttributes (96ms)
				ProcessInitializeOnLoadMethodAttributes (55ms)
				AfterProcessingInitializeOnLoad (2ms)
				EditorAssembliesLoaded (0ms)
			ExecutionOrderSort2 (0ms)
			AwakeInstancesAfterBackupRestoration (4ms)
Platform modules already initialized, skipping
Refreshing native plugins compatible for Editor in 0.79 ms, found 1 plugins.
Preloading 0 native plugins for Editor in 0.00 ms.
Unloading 3036 Unused Serialized files (Serialized files now loaded: 0)
Unloading 12 unused Assets / (363.5 KB). Loaded Objects now: 3637.
Memory consumption went from 120.1 MB to 119.8 MB.
Total: 2.227200 ms (FindLiveObjects: 0.156800 ms CreateObjectMapping: 0.064300 ms MarkObjects: 1.858500 ms  DeleteObjects: 0.146400 ms)

AssetImportParameters requested are different than current active one (requested -> active):
  custom:video-decoder-ogg-theora: a1e56fd34408186e4bbccfd4996cb3dc -> 
  custom:container-muxer-webm: aa71ff27fc2769a1b78a27578f13a17b -> 
  custom:container-demuxer-webm: 4f35f7cbe854078d1ac9338744f61a02 -> 
  custom:video-encoder-webm-vp8: eb34c28f22e8b96e1ab97ce403110664 -> 
  custom:audio-encoder-webm-vorbis: bf7c407c2cedff20999df2af8eb42d56 -> 
  custom:framework-win-MediaFoundation: 216162199b28c13a410421893ffa2e32 -> 
  custom:container-demuxer-ogg: 62fdf1f143b41e24485cea50d1cbac27 -> 
  custom:video-decoder-webm-vp8: 9c59270c3fd7afecdb556c50c9e8de78 -> 
  custom:audio-decoder-ogg-vorbis: bf7c407c2cedff20999df2af8eb42d56 -> 
